{"name":"1581447287","hostname":"allinerib-pc","pid":26676,"level":20,"msg":"Sync server version: 1.1.10 2020-01-26 18:59:22 -0600 9016f44150843d1d66d5a93b6786f663d70eb596","time":"2020-02-11T18:54:46.672Z","v":0}
{"name":"1581447287","hostname":"allinerib-pc","pid":26676,"level":30,"msg":"Acquiring actors for session 1581447287: ACTOR1","time":"2020-02-11T18:54:46.675Z","v":0}
{"name":"1581447287","hostname":"allinerib-pc","pid":26676,"level":30,"msg":"Session 1581447287 with label \"Session 1581446616 4\" started at 2020-02-11 18:54:46 UTC","time":"2020-02-11T18:54:46.677Z","v":0}
{"name":"1581447287","hostname":"allinerib-pc","pid":26676,"level":30,"actorType":"ACTOR1","actorId":"45766","msg":"Actor 45766 of type ACTOR1 was acquired by test session 1581447287","time":"2020-02-11T18:54:50.283Z","v":0}
{"name":"1581447287","hostname":"allinerib-pc","pid":26676,"level":20,"actorType":"ACTOR1","actorId":"45766","msg":"DEBUG: Test actor JAR versions:","time":"2020-02-11T18:54:50.292Z","v":0}
{"name":"1581447287","hostname":"allinerib-pc","pid":26676,"level":20,"actorType":"ACTOR1","actorId":"45766","msg":"DEBUG:   opentest-appium-0.0.1.jar: 2020-01-26 18:59 -0600 0.0.1-9016f44150843d1d66d5a93b6786f663d70eb596","time":"2020-02-11T18:54:50.296Z","v":0}
{"name":"1581447287","hostname":"allinerib-pc","pid":26676,"level":20,"actorType":"ACTOR1","actorId":"45766","msg":"DEBUG:   opentest-base-0.0.1.jar: 2020-01-26 18:59 -0600 0.0.1-9016f44150843d1d66d5a93b6786f663d70eb596","time":"2020-02-11T18:54:50.300Z","v":0}
{"name":"1581447287","hostname":"allinerib-pc","pid":26676,"level":20,"actorType":"ACTOR1","actorId":"45766","msg":"DEBUG:   opentest-selenium-0.0.1.jar: 2020-01-26 18:59 -0600 0.0.1-9016f44150843d1d66d5a93b6786f663d70eb596","time":"2020-02-11T18:54:50.303Z","v":0}
{"name":"1581447287","hostname":"allinerib-pc","pid":26676,"level":40,"actorType":"ACTOR1","actorId":"45766","msg":"WARN: Failed to log extension JARs","time":"2020-02-11T18:54:50.307Z","v":0}
{"name":"1581447287","hostname":"allinerib-pc","pid":26676,"level":30,"actorType":"ACTOR1","actorId":"45766","msg":"==================== ACTOR1: web/Find the React repo on GitHub's website ====================","time":"2020-02-11T18:54:50.337Z","v":0}
{"name":"1581447287","hostname":"allinerib-pc","pid":26676,"level":30,"actorType":"ACTOR1","actorId":"45766","msg":"Actor ACTOR1 started executing test web/Find the React repo on GitHub's website...","time":"2020-02-11T18:54:50.340Z","v":0}
{"name":"1581447287","hostname":"allinerib-pc","pid":26676,"level":30,"actorType":"ACTOR1","actorId":"45766","msg":"Executing segment 1 of test web/Find the React repo on GitHub's website...","time":"2020-02-11T18:54:50.362Z","v":0}
{"name":"1581447287","hostname":"allinerib-pc","pid":26676,"level":30,"actorType":"ACTOR1","actorId":"45766","msg":"Evaluating action 1/4 (org.getopentest.selenium.NavigateTo) in segment 1 (Navigate to the GitHub homepage)...","time":"2020-02-11T18:54:50.365Z","v":0}
{"name":"1581447287","hostname":"allinerib-pc","pid":26676,"level":10,"actorType":"ACTOR1","actorId":"45766","msg":"TRACE: Initializing action org.getopentest.selenium.NavigateTo...","time":"2020-02-11T18:54:50.369Z","v":0}
{"name":"1581447287","hostname":"allinerib-pc","pid":26676,"level":30,"actorType":"ACTOR1","actorId":"45766","msg":"Executing action org.getopentest.selenium.NavigateTo with arguments {\"url\":\"https://github.com/\"}...","time":"2020-02-11T18:54:50.373Z","v":0}
{"name":"1581447287","hostname":"allinerib-pc","pid":26676,"level":30,"actorType":"ACTOR1","actorId":"45766","msg":"Evaluating action 2/4 (org.getopentest.selenium.SendKeys) in segment 1 (Enter \"react\" in the search box)...","time":"2020-02-11T18:54:50.971Z","v":0}
{"name":"1581447287","hostname":"allinerib-pc","pid":26676,"level":10,"actorType":"ACTOR1","actorId":"45766","msg":"TRACE: Initializing action org.getopentest.selenium.SendKeys...","time":"2020-02-11T18:54:50.975Z","v":0}
{"name":"1581447287","hostname":"allinerib-pc","pid":26676,"level":30,"actorType":"ACTOR1","actorId":"45766","msg":"Executing action org.getopentest.selenium.SendKeys with arguments {\"text\":\"react\",\"locator\":{\"css\":\"input[name='q']\"},\"sendEnter\":true}...","time":"2020-02-11T18:54:50.979Z","v":0}
{"name":"1581447287","hostname":"allinerib-pc","pid":26676,"level":30,"actorType":"ACTOR1","actorId":"45766","msg":"Evaluating action 3/4 (org.getopentest.selenium.Click) in segment 1 (Click the React link in the search results)...","time":"2020-02-11T18:54:52.115Z","v":0}
{"name":"1581447287","hostname":"allinerib-pc","pid":26676,"level":10,"actorType":"ACTOR1","actorId":"45766","msg":"TRACE: Initializing action org.getopentest.selenium.Click...","time":"2020-02-11T18:54:52.119Z","v":0}
{"name":"1581447287","hostname":"allinerib-pc","pid":26676,"level":30,"actorType":"ACTOR1","actorId":"45766","msg":"Executing action org.getopentest.selenium.Click with arguments {\"locator\":{\"css\":\"a[href='/facebook/react']\"}}...","time":"2020-02-11T18:54:52.123Z","v":0}
{"name":"1581447287","hostname":"allinerib-pc","pid":26676,"level":30,"actorType":"ACTOR1","actorId":"45766","msg":"Evaluating action 4/4 (org.getopentest.selenium.AssertElementVisible) in segment 1 (Verify that the Clone button exists and is visible)...","time":"2020-02-11T18:54:57.300Z","v":0}
{"name":"1581447287","hostname":"allinerib-pc","pid":26676,"level":10,"actorType":"ACTOR1","actorId":"45766","msg":"TRACE: Initializing action org.getopentest.selenium.AssertElementVisible...","time":"2020-02-11T18:54:57.304Z","v":0}
{"name":"1581447287","hostname":"allinerib-pc","pid":26676,"level":30,"actorType":"ACTOR1","actorId":"45766","msg":"Executing action org.getopentest.selenium.AssertElementVisible with arguments {\"locator\":{\"xpath\":\"//*[contains(@class,'btn')][contains(text(),'Clone')]\"}}...","time":"2020-02-11T18:54:57.307Z","v":0}
{"name":"1581447287","hostname":"allinerib-pc","pid":26676,"level":30,"actorType":"ACTOR1","actorId":"45766","msg":"Captured screenshot at C:\\devqatraining\\actor1\\out\\screenshots\\SID1581447287_ACTOR1_T01_SG01_ST04_error.png","time":"2020-02-11T18:55:09.295Z","v":0}
{"name":"1581447287","hostname":"allinerib-pc","pid":26676,"level":50,"actorType":"ACTOR1","actorId":"45766","msg":"ERROR: java.lang.Exception: Failed executing test web/Find the React repo on GitHub's website, segment 1\r\n\tat org.getopentest.base.TestActor.executeTestSegment(TestActor.java:2111)\r\n\tat org.getopentest.base.TestActor.runOneSession(TestActor.java:2899)\r\n\tat org.getopentest.base.TestActor.runOneSession(TestActor.java:2935)\r\n\tat org.getopentest.Main.main(Main.java:20)\r\nCaused by: java.lang.RuntimeException: There was an error while executing action no. 4 (org.getopentest.selenium.AssertElementVisible) in segment 1 of test web/Find the React repo on GitHub's website.\nThe action definition was:\n{\n  \"action\": \"org.getopentest.selenium.AssertElementVisible\",\n  \"args\": {\n    \"locator\": {\n      \"xpath\": \"//*[contains(@class,'btn')][contains(text(),'Clone')]\"\n    }\n  },\n  \"description\": \"Verify that the Clone button exists and is visible\"\n}\r\n\tat org.getopentest.base.TestActor.executeTestSegment(TestActor.java:2069)\r\n\t... 3 more\r\nCaused by: java.lang.RuntimeException: Failed executing action org.getopentest.selenium.AssertElementVisible with arguments {\"locator\":{\"xpath\":\"//*[contains(@class,'btn')][contains(text(),'Clone')]\"}}\r\n\tat org.getopentest.base.TestActor.executeActionByDef(TestActor.java:1766)\r\n\tat org.getopentest.base.TestActor.executeTestSegment(TestActor.java:2019)\r\n\t... 3 more\r\nCaused by: java.lang.RuntimeException: Failed to instantiate action class \"org.getopentest.selenium.AssertElementVisible\"\r\n\tat org.getopentest.base.TestActor.executeActionByClassName(TestActor.java:1569)\r\n\tat org.getopentest.base.TestActor.executeActionByDef(TestActor.java:1650)\r\n\t... 4 more\r\nCaused by: org.openqa.selenium.TimeoutException: Expected condition failed: waiting for visibility of element located by By.xpath: //*[contains(@class,'btn')][contains(text(),'Clone')] (tried for 10 second(s) with 500 milliseconds interval)\r\n\tat org.openqa.selenium.support.ui.WebDriverWait.timeoutException(WebDriverWait.java:95)\r\n\tat org.openqa.selenium.support.ui.FluentWait.until(FluentWait.java:272)\r\n\tat org.getopentest.selenium.AssertElementVisible.run(AssertElementVisible.java:20)\r\n\tat org.getopentest.base.TestActor.executeAction(TestActor.java:1474)\r\n\tat org.getopentest.base.TestActor.executeActionByClassName(TestActor.java:1550)\r\n\t... 5 more\r\nCaused by: org.openqa.selenium.NoSuchElementException: no such element: Unable to locate element: {\"method\":\"xpath\",\"selector\":\"//*[contains(@class,'btn')][contains(text(),'Clone')]\"}\n  (Session info: chrome=79.0.3945.130)\nFor documentation on this error, please visit: https://www.seleniumhq.org/exceptions/no_such_element.html\nBuild info: version: '3.141.59', revision: 'e82be7d358', time: '2018-11-14T08:17:03'\nSystem info: host: 'ALLINERIB-PC', ip: '10.10.15.149', os.name: 'Windows 10', os.arch: 'x86', os.version: '10.0', java.version: '1.8.0_241'\nDriver info: org.openqa.selenium.chrome.ChromeDriver\nCapabilities {acceptInsecureCerts: false, browserName: chrome, browserVersion: 79.0.3945.130, chrome: {chromedriverVersion: 79.0.3945.36 (3582db32b3389..., userDataDir: C:\\Users\\ALLINE~1.RIB\\AppDa...}, goog:chromeOptions: {debuggerAddress: localhost:63633}, javascriptEnabled: true, networkConnectionEnabled: false, pageLoadStrategy: normal, platform: WINDOWS, platformName: WINDOWS, proxy: Proxy(), setWindowRect: true, strictFileInteractability: false, timeouts: {implicit: 0, pageLoad: 300000, script: 30000}, unhandledPromptBehavior: dismiss and notify}\nSession ID: 85d51ce82a2499d8ef5dfe1b77fc74b4\n*** Element info: {Using=xpath, value=//*[contains(@class,'btn')][contains(text(),'Clone')]}\r\n\tat sun.reflect.GeneratedConstructorAccessor14.newInstance(Unknown Source)\r\n\tat sun.reflect.DelegatingConstructorAccessorImpl.newInstance(Unknown Source)\r\n\tat java.lang.reflect.Constructor.newInstance(Unknown Source)\r\n\tat org.openqa.selenium.remote.http.W3CHttpResponseCodec.createException(W3CHttpResponseCodec.java:187)\r\n\tat org.openqa.selenium.remote.http.W3CHttpResponseCodec.decode(W3CHttpResponseCodec.java:122)\r\n\tat org.openqa.selenium.remote.http.W3CHttpResponseCodec.decode(W3CHttpResponseCodec.java:49)\r\n\tat org.openqa.selenium.remote.HttpCommandExecutor.execute(HttpCommandExecutor.java:158)\r\n\tat org.openqa.selenium.remote.service.DriverCommandExecutor.execute(DriverCommandExecutor.java:83)\r\n\tat org.openqa.selenium.remote.RemoteWebDriver.execute(RemoteWebDriver.java:552)\r\n\tat org.openqa.selenium.remote.RemoteWebDriver.findElement(RemoteWebDriver.java:323)\r\n\tat org.openqa.selenium.remote.RemoteWebDriver.findElementByXPath(RemoteWebDriver.java:428)\r\n\tat org.openqa.selenium.By$ByXPath.findElement(By.java:353)\r\n\tat org.openqa.selenium.remote.RemoteWebDriver.findElement(RemoteWebDriver.java:315)\r\n\tat org.openqa.selenium.support.ui.ExpectedConditions$7.apply(ExpectedConditions.java:205)\r\n\tat org.openqa.selenium.support.ui.ExpectedConditions$7.apply(ExpectedConditions.java:201)\r\n\tat org.openqa.selenium.support.ui.FluentWait.until(FluentWait.java:249)\r\n\t... 8 more\r\n","time":"2020-02-11T18:55:09.309Z","v":0}
{"name":"1581447287","hostname":"allinerib-pc","pid":26676,"level":30,"actorType":"ACTOR1","actorId":"45766","msg":"Test session has completed","time":"2020-02-11T18:55:09.818Z","v":0}
{"name":"1581447287","hostname":"allinerib-pc","pid":26676,"level":10,"actorType":"ACTOR1","actorId":"45766","msg":"TRACE: Firing TEST_COMPLETED event...","time":"2020-02-11T18:55:09.822Z","v":0}
{"name":"1581447287","hostname":"allinerib-pc","pid":26676,"level":50,"actorType":"ACTOR1","actorId":"45766","msg":"ERROR: The \"runOneSession\" method failed","time":"2020-02-11T18:55:09.832Z","v":0}
{"name":"1581447287","hostname":"allinerib-pc","pid":26676,"level":50,"actorType":"ACTOR1","actorId":"45766","msg":"ERROR: java.lang.NullPointerException\r\n\tat org.getopentest.selenium.core.SeleniumTestAction$1.update(SeleniumTestAction.java:190)\r\n\tat java.util.Observable.notifyObservers(Unknown Source)\r\n\tat org.getopentest.base.TestActor.runOneSession(TestActor.java:2924)\r\n\tat org.getopentest.base.TestActor.runOneSession(TestActor.java:2935)\r\n\tat org.getopentest.Main.main(Main.java:20)\r\n","time":"2020-02-11T18:55:09.837Z","v":0}
{"name":"1581447287","hostname":"allinerib-pc","pid":26676,"level":30,"actorType":"ACTOR1","actorId":"45766","msg":"Actor 45766 of type ACTOR1 with no tags is waiting to be acquired by a test session...","time":"2020-02-11T18:55:09.841Z","v":0}
{"name":"1581447287","hostname":"allinerib-pc","pid":26676,"level":10,"actorType":"ACTOR1","actorId":"45766","msg":"TRACE: Initializing test session information in the \"announce\" method...","time":"2020-02-11T19:17:49.272Z","v":0}
{"name":"1581447287","hostname":"allinerib-pc","pid":26676,"level":10,"actorType":"ACTOR1","actorId":"45766","msg":"TRACE: Session ID in sync server response was 1581448666; actor session ID was null","time":"2020-02-11T19:17:49.278Z","v":0}
