{"name":"1581449148","hostname":"allinerib-pc","pid":26676,"level":20,"msg":"Sync server version: 1.1.10 2020-01-26 18:59:22 -0600 9016f44150843d1d66d5a93b6786f663d70eb596","time":"2020-02-11T19:25:48.171Z","v":0}
{"name":"1581449148","hostname":"allinerib-pc","pid":26676,"level":30,"msg":"Acquiring actors for session 1581449148: ACTOR1","time":"2020-02-11T19:25:48.174Z","v":0}
{"name":"1581449148","hostname":"allinerib-pc","pid":26676,"level":30,"msg":"Session 1581449148 with label \"null\" started at 2020-02-11 19:25:48 UTC","time":"2020-02-11T19:25:48.177Z","v":0}
{"name":"1581449148","hostname":"allinerib-pc","pid":26676,"level":30,"actorType":"ACTOR1","actorId":"45766","msg":"Actor 45766 of type ACTOR1 was acquired by test session 1581449148","time":"2020-02-11T19:25:52.122Z","v":0}
{"name":"1581449148","hostname":"allinerib-pc","pid":26676,"level":20,"actorType":"ACTOR1","actorId":"45766","msg":"DEBUG: Test actor JAR versions:","time":"2020-02-11T19:25:52.129Z","v":0}
{"name":"1581449148","hostname":"allinerib-pc","pid":26676,"level":20,"actorType":"ACTOR1","actorId":"45766","msg":"DEBUG:   opentest-appium-0.0.1.jar: 2020-01-26 18:59 -0600 0.0.1-9016f44150843d1d66d5a93b6786f663d70eb596","time":"2020-02-11T19:25:52.132Z","v":0}
{"name":"1581449148","hostname":"allinerib-pc","pid":26676,"level":20,"actorType":"ACTOR1","actorId":"45766","msg":"DEBUG:   opentest-base-0.0.1.jar: 2020-01-26 18:59 -0600 0.0.1-9016f44150843d1d66d5a93b6786f663d70eb596","time":"2020-02-11T19:25:52.135Z","v":0}
{"name":"1581449148","hostname":"allinerib-pc","pid":26676,"level":20,"actorType":"ACTOR1","actorId":"45766","msg":"DEBUG:   opentest-selenium-0.0.1.jar: 2020-01-26 18:59 -0600 0.0.1-9016f44150843d1d66d5a93b6786f663d70eb596","time":"2020-02-11T19:25:52.139Z","v":0}
{"name":"1581449148","hostname":"allinerib-pc","pid":26676,"level":40,"actorType":"ACTOR1","actorId":"45766","msg":"WARN: Failed to log extension JARs","time":"2020-02-11T19:25:52.142Z","v":0}
{"name":"1581449148","hostname":"allinerib-pc","pid":26676,"level":30,"actorType":"ACTOR1","actorId":"45766","msg":"==================== ACTOR1: web/kiosk ====================","time":"2020-02-11T19:25:52.172Z","v":0}
{"name":"1581449148","hostname":"allinerib-pc","pid":26676,"level":30,"actorType":"ACTOR1","actorId":"45766","msg":"Actor ACTOR1 started executing test web/kiosk...","time":"2020-02-11T19:25:52.175Z","v":0}
{"name":"1581449148","hostname":"allinerib-pc","pid":26676,"level":30,"actorType":"ACTOR1","actorId":"45766","msg":"Executing segment 1 of test web/kiosk...","time":"2020-02-11T19:25:52.193Z","v":0}
{"name":"1581449148","hostname":"allinerib-pc","pid":26676,"level":30,"actorType":"ACTOR1","actorId":"45766","msg":"Evaluating action 1/2 (org.getopentest.selenium.NavigateTo) in segment 1 (openBrowser)...","time":"2020-02-11T19:25:52.196Z","v":0}
{"name":"1581449148","hostname":"allinerib-pc","pid":26676,"level":10,"actorType":"ACTOR1","actorId":"45766","msg":"TRACE: Initializing action org.getopentest.selenium.NavigateTo...","time":"2020-02-11T19:25:52.200Z","v":0}
{"name":"1581449148","hostname":"allinerib-pc","pid":26676,"level":30,"actorType":"ACTOR1","actorId":"45766","msg":"Executing action org.getopentest.selenium.NavigateTo with arguments {\"url\":\"http://localhost:8123/npsharp/kiosk/pos0025/\"}...","time":"2020-02-11T19:25:52.206Z","v":0}
{"name":"1581449148","hostname":"allinerib-pc","pid":26676,"level":30,"actorType":"ACTOR1","actorId":"45766","msg":"Caught exception org.openqa.selenium.WebDriverException while initializing the Selenium driver. The exception message was: \"chrome not reachable\n  (Session info: chrome=79.0.3945.130)\nBuild info: version: '3.141.59', revision: 'e82be7d358', time: '2018-11-14T08:17:03'\nSystem info: host: 'ALLINERIB-PC', ip: '10.10.15.149', os.name: 'Windows 10', os.arch: 'x86', os.version: '10.0', java.version: '1.8.0_241'\nDriver info: org.openqa.selenium.chrome.ChromeDriver\nCapabilities {acceptInsecureCerts: false, browserName: chrome, browserVersion: 79.0.3945.130, chrome: {chromedriverVersion: 79.0.3945.36 (3582db32b3389..., userDataDir: C:\\Users\\ALLINE~1.RIB\\AppDa...}, goog:chromeOptions: {debuggerAddress: localhost:52714}, javascriptEnabled: true, networkConnectionEnabled: false, pageLoadStrategy: normal, platform: WINDOWS, platformName: WINDOWS, proxy: Proxy(), setWindowRect: true, strictFileInteractability: false, timeouts: {implicit: 0, pageLoad: 300000, script: 30000}, unhandledPromptBehavior: dismiss and notify}\nSession ID: dabdb58b45a16c52bc2ba4ce2d5d2052\". Retries left: 2.","time":"2020-02-11T19:26:06.763Z","v":0}
{"name":"1581449148","hostname":"allinerib-pc","pid":26676,"level":30,"actorType":"ACTOR1","actorId":"45766","msg":"Using local Selenium server","time":"2020-02-11T19:26:06.768Z","v":0}
{"name":"1581449148","hostname":"allinerib-pc","pid":26676,"level":10,"actorType":"ACTOR1","actorId":"45766","msg":"TRACE: Setting system property \"webdriver.chrome.driver\" to \"C:/Selenium/chromedriver.exe\"","time":"2020-02-11T19:26:06.771Z","v":0}
{"name":"1581449148","hostname":"allinerib-pc","pid":26676,"level":50,"actorType":"ACTOR1","actorId":"45766","msg":"ERROR: java.lang.Exception: Failed executing test web/kiosk, segment 1\r\n\tat org.getopentest.base.TestActor.executeTestSegment(TestActor.java:2111)\r\n\tat org.getopentest.base.TestActor.runOneSession(TestActor.java:2899)\r\n\tat org.getopentest.base.TestActor.runOneSession(TestActor.java:2935)\r\n\tat org.getopentest.Main.main(Main.java:20)\r\nCaused by: java.lang.RuntimeException: There was an error while executing action no. 1 (org.getopentest.selenium.NavigateTo) in segment 1 of test web/kiosk.\nThe action definition was:\n{\n  \"action\": \"org.getopentest.selenium.NavigateTo\",\n  \"args\": {\n    \"url\": \"http://localhost:8123/npsharp/kiosk/pos0025/\"\n  },\n  \"description\": \"openBrowser\"\n}\r\n\tat org.getopentest.base.TestActor.executeTestSegment(TestActor.java:2069)\r\n\t... 3 more\r\nCaused by: java.lang.RuntimeException: Failed executing action org.getopentest.selenium.NavigateTo with arguments {\"url\":\"http://localhost:8123/npsharp/kiosk/pos0025/\"}\r\n\tat org.getopentest.base.TestActor.executeActionByDef(TestActor.java:1766)\r\n\tat org.getopentest.base.TestActor.executeTestSegment(TestActor.java:2019)\r\n\t... 3 more\r\nCaused by: java.lang.RuntimeException: Failed to instantiate action class \"org.getopentest.selenium.NavigateTo\"\r\n\tat org.getopentest.base.TestActor.executeActionByClassName(TestActor.java:1569)\r\n\tat org.getopentest.base.TestActor.executeActionByDef(TestActor.java:1650)\r\n\t... 4 more\r\nCaused by: org.openqa.selenium.NoSuchSessionException: Session ID is null. Using WebDriver after calling quit()?\nBuild info: version: '3.141.59', revision: 'e82be7d358', time: '2018-11-14T08:17:03'\nSystem info: host: 'ALLINERIB-PC', ip: '10.10.15.149', os.name: 'Windows 10', os.arch: 'x86', os.version: '10.0', java.version: '1.8.0_241'\nDriver info: driver.version: RemoteWebDriver\r\n\tat org.openqa.selenium.remote.HttpCommandExecutor.execute(HttpCommandExecutor.java:125)\r\n\tat org.openqa.selenium.remote.service.DriverCommandExecutor.execute(DriverCommandExecutor.java:83)\r\n\tat org.openqa.selenium.remote.RemoteWebDriver.execute(RemoteWebDriver.java:552)\r\n\tat org.openqa.selenium.remote.RemoteWebDriver.get(RemoteWebDriver.java:277)\r\n\tat org.getopentest.selenium.NavigateTo.run(NavigateTo.java:15)\r\n\tat org.getopentest.base.TestActor.executeAction(TestActor.java:1474)\r\n\tat org.getopentest.base.TestActor.executeActionByClassName(TestActor.java:1550)\r\n\t... 5 more\r\n","time":"2020-02-11T19:26:16.026Z","v":0}
{"name":"1581449148","hostname":"allinerib-pc","pid":26676,"level":30,"actorType":"ACTOR1","actorId":"45766","msg":"Test session has completed","time":"2020-02-11T19:26:16.538Z","v":0}
{"name":"1581449148","hostname":"allinerib-pc","pid":26676,"level":10,"actorType":"ACTOR1","actorId":"45766","msg":"TRACE: Firing TEST_COMPLETED event...","time":"2020-02-11T19:26:16.542Z","v":0}
{"name":"1581449148","hostname":"allinerib-pc","pid":26676,"level":50,"actorType":"ACTOR1","actorId":"45766","msg":"ERROR: The \"runOneSession\" method failed","time":"2020-02-11T19:26:16.551Z","v":0}
{"name":"1581449148","hostname":"allinerib-pc","pid":26676,"level":50,"actorType":"ACTOR1","actorId":"45766","msg":"ERROR: java.lang.NullPointerException\r\n\tat org.getopentest.selenium.core.SeleniumTestAction$1.update(SeleniumTestAction.java:190)\r\n\tat java.util.Observable.notifyObservers(Unknown Source)\r\n\tat org.getopentest.base.TestActor.runOneSession(TestActor.java:2924)\r\n\tat org.getopentest.base.TestActor.runOneSession(TestActor.java:2935)\r\n\tat org.getopentest.Main.main(Main.java:20)\r\n","time":"2020-02-11T19:26:16.574Z","v":0}
{"name":"1581449148","hostname":"allinerib-pc","pid":26676,"level":30,"actorType":"ACTOR1","actorId":"45766","msg":"Actor 45766 of type ACTOR1 with no tags is waiting to be acquired by a test session...","time":"2020-02-11T19:26:16.588Z","v":0}
