{"name":"1581615843","hostname":"allinerib-pc","pid":45928,"level":20,"msg":"Sync server version: 1.1.10 2020-01-26 18:59:22 -0600 9016f44150843d1d66d5a93b6786f663d70eb596","time":"2020-02-13T17:44:03.231Z","v":0}
{"name":"1581615843","hostname":"allinerib-pc","pid":45928,"level":30,"msg":"Acquiring actors for session 1581615843: ACTOR1","time":"2020-02-13T17:44:03.235Z","v":0}
{"name":"1581615843","hostname":"allinerib-pc","pid":45928,"level":30,"msg":"Session 1581615843 with label \"Session 1581615369 2\" started at 2020-02-13 17:44:03 UTC","time":"2020-02-13T17:44:03.236Z","v":0}
{"name":"1581615843","hostname":"allinerib-pc","pid":45928,"level":30,"actorType":"ACTOR1","actorId":"23546","msg":"Actor 23546 of type ACTOR1 was acquired by test session 1581615843","time":"2020-02-13T17:44:05.607Z","v":0}
{"name":"1581615843","hostname":"allinerib-pc","pid":45928,"level":20,"actorType":"ACTOR1","actorId":"23546","msg":"DEBUG: Test actor JAR versions:","time":"2020-02-13T17:44:05.616Z","v":0}
{"name":"1581615843","hostname":"allinerib-pc","pid":45928,"level":20,"actorType":"ACTOR1","actorId":"23546","msg":"DEBUG:   opentest-appium-0.0.1.jar: 2020-01-26 18:59 -0600 0.0.1-9016f44150843d1d66d5a93b6786f663d70eb596","time":"2020-02-13T17:44:05.620Z","v":0}
{"name":"1581615843","hostname":"allinerib-pc","pid":45928,"level":20,"actorType":"ACTOR1","actorId":"23546","msg":"DEBUG:   opentest-base-0.0.1.jar: 2020-01-26 18:59 -0600 0.0.1-9016f44150843d1d66d5a93b6786f663d70eb596","time":"2020-02-13T17:44:05.624Z","v":0}
{"name":"1581615843","hostname":"allinerib-pc","pid":45928,"level":20,"actorType":"ACTOR1","actorId":"23546","msg":"DEBUG:   opentest-selenium-0.0.1.jar: 2020-01-26 18:59 -0600 0.0.1-9016f44150843d1d66d5a93b6786f663d70eb596","time":"2020-02-13T17:44:05.649Z","v":0}
{"name":"1581615843","hostname":"allinerib-pc","pid":45928,"level":40,"actorType":"ACTOR1","actorId":"23546","msg":"WARN: Failed to log extension JARs","time":"2020-02-13T17:44:05.654Z","v":0}
{"name":"1581615843","hostname":"allinerib-pc","pid":45928,"level":30,"actorType":"ACTOR1","actorId":"23546","msg":"==================== ACTOR1: web/kiosk ====================","time":"2020-02-13T17:44:05.689Z","v":0}
{"name":"1581615843","hostname":"allinerib-pc","pid":45928,"level":30,"actorType":"ACTOR1","actorId":"23546","msg":"Actor ACTOR1 started executing test web/kiosk...","time":"2020-02-13T17:44:05.693Z","v":0}
{"name":"1581615843","hostname":"allinerib-pc","pid":45928,"level":30,"actorType":"ACTOR1","actorId":"23546","msg":"Executing segment 1 of test web/kiosk...","time":"2020-02-13T17:44:05.713Z","v":0}
{"name":"1581615843","hostname":"allinerib-pc","pid":45928,"level":30,"actorType":"ACTOR1","actorId":"23546","msg":"Evaluating action 1/4 (org.getopentest.selenium.NavigateTo) in segment 1 (openBrowser)...","time":"2020-02-13T17:44:05.717Z","v":0}
{"name":"1581615843","hostname":"allinerib-pc","pid":45928,"level":10,"actorType":"ACTOR1","actorId":"23546","msg":"TRACE: Initializing action org.getopentest.selenium.NavigateTo...","time":"2020-02-13T17:44:05.723Z","v":0}
{"name":"1581615843","hostname":"allinerib-pc","pid":45928,"level":30,"actorType":"ACTOR1","actorId":"23546","msg":"Using local Selenium server","time":"2020-02-13T17:44:05.726Z","v":0}
{"name":"1581615843","hostname":"allinerib-pc","pid":45928,"level":10,"actorType":"ACTOR1","actorId":"23546","msg":"TRACE: Setting system property \"webdriver.chrome.driver\" to \"C:/Selenium/chromedriver.exe\"","time":"2020-02-13T17:44:05.731Z","v":0}
{"name":"1581615843","hostname":"allinerib-pc","pid":45928,"level":30,"actorType":"ACTOR1","actorId":"23546","msg":"Executing action org.getopentest.selenium.NavigateTo with arguments {\"url\":\"http://localhost:8123/npsharp/kiosk/pos0025/\"}...","time":"2020-02-13T17:44:15.351Z","v":0}
{"name":"1581615843","hostname":"allinerib-pc","pid":45928,"level":30,"actorType":"ACTOR1","actorId":"23546","msg":"Evaluating action 2/4 (script action) in segment 1...","time":"2020-02-13T17:44:15.887Z","v":0}
{"name":"1581615843","hostname":"allinerib-pc","pid":45928,"level":10,"actorType":"ACTOR1","actorId":"23546","msg":"TRACE: Initializing action org.getopentest.base.ScriptAction...","time":"2020-02-13T17:44:15.892Z","v":0}
{"name":"1581615843","hostname":"allinerib-pc","pid":45928,"level":30,"actorType":"ACTOR1","actorId":"23546","msg":"Executing action org.getopentest.base.ScriptAction (no arguments were provided)...","time":"2020-02-13T17:44:15.897Z","v":0}
{"name":"1581615843","hostname":"allinerib-pc","pid":45928,"level":30,"actorType":"ACTOR1","actorId":"23546","msg":"Evaluating action 3/4 (org.getopentest.selenium.Click) in segment 1 (click at order start button)...","time":"2020-02-13T17:44:55.908Z","v":0}
{"name":"1581615843","hostname":"allinerib-pc","pid":45928,"level":10,"actorType":"ACTOR1","actorId":"23546","msg":"TRACE: Initializing action org.getopentest.selenium.Click...","time":"2020-02-13T17:44:55.912Z","v":0}
{"name":"1581615843","hostname":"allinerib-pc","pid":45928,"level":30,"actorType":"ACTOR1","actorId":"23546","msg":"Executing action org.getopentest.selenium.Click with arguments {\"locator\":{\"xpath\":\".//div[@class='start-order']\"}}...","time":"2020-02-13T17:44:55.915Z","v":0}
{"name":"1581615843","hostname":"allinerib-pc","pid":45928,"level":30,"actorType":"ACTOR1","actorId":"23546","msg":"Captured screenshot at C:\\devqatraining\\actor1\\out\\screenshots\\SID1581615843_ACTOR1_T01_SG01_ST03_error.png","time":"2020-02-13T17:45:07.876Z","v":0}
{"name":"1581615843","hostname":"allinerib-pc","pid":45928,"level":50,"actorType":"ACTOR1","actorId":"23546","msg":"ERROR: java.lang.Exception: Failed executing test web/kiosk, segment 1\r\n\tat org.getopentest.base.TestActor.executeTestSegment(TestActor.java:2111)\r\n\tat org.getopentest.base.TestActor.runOneSession(TestActor.java:2899)\r\n\tat org.getopentest.base.TestActor.runOneSession(TestActor.java:2935)\r\n\tat org.getopentest.Main.main(Main.java:20)\r\nCaused by: java.lang.RuntimeException: There was an error while executing action no. 3 (org.getopentest.selenium.Click) in segment 1 of test web/kiosk.\nThe action definition was:\n{\n  \"action\": \"org.getopentest.selenium.Click\",\n  \"args\": {\n    \"locator\": {\n      \"xpath\": \".//div[@class='start-order']\"\n    }\n  },\n  \"description\": \"click at order start button\"\n}\r\n\tat org.getopentest.base.TestActor.executeTestSegment(TestActor.java:2069)\r\n\t... 3 more\r\nCaused by: java.lang.RuntimeException: Failed executing action org.getopentest.selenium.Click with arguments {\"locator\":{\"xpath\":\".//div[@class='start-order']\"}}\r\n\tat org.getopentest.base.TestActor.executeActionByDef(TestActor.java:1766)\r\n\tat org.getopentest.base.TestActor.executeTestSegment(TestActor.java:2019)\r\n\t... 3 more\r\nCaused by: java.lang.RuntimeException: Failed to instantiate action class \"org.getopentest.selenium.Click\"\r\n\tat org.getopentest.base.TestActor.executeActionByClassName(TestActor.java:1569)\r\n\tat org.getopentest.base.TestActor.executeActionByDef(TestActor.java:1650)\r\n\t... 4 more\r\nCaused by: java.lang.RuntimeException: Failed clicking on element By.xpath: .//div[@class='start-order']\r\n\tat org.getopentest.selenium.Click.run(Click.java:34)\r\n\tat org.getopentest.base.TestActor.executeAction(TestActor.java:1474)\r\n\tat org.getopentest.base.TestActor.executeActionByClassName(TestActor.java:1550)\r\n\t... 5 more\r\nCaused by: org.openqa.selenium.TimeoutException: Expected condition failed: waiting for presence of element located by: By.xpath: .//div[@class='start-order'] (tried for 10 second(s) with 500 milliseconds interval)\r\n\tat org.openqa.selenium.support.ui.WebDriverWait.timeoutException(WebDriverWait.java:95)\r\n\tat org.openqa.selenium.support.ui.FluentWait.until(FluentWait.java:272)\r\n\tat org.getopentest.selenium.core.SeleniumTestAction.getElement(SeleniumTestAction.java:58)\r\n\tat org.getopentest.selenium.core.SeleniumTestAction.getElement(SeleniumTestAction.java:50)\r\n\tat org.getopentest.selenium.Click.run(Click.java:29)\r\n\t... 7 more\r\nCaused by: org.openqa.selenium.NoSuchElementException: no such element: Unable to locate element: {\"method\":\"xpath\",\"selector\":\".//div[@class='start-order']\"}\n  (Session info: chrome=79.0.3945.130)\nFor documentation on this error, please visit: https://www.seleniumhq.org/exceptions/no_such_element.html\nBuild info: version: '3.141.59', revision: 'e82be7d358', time: '2018-11-14T08:17:03'\nSystem info: host: 'ALLINERIB-PC', ip: '10.10.15.149', os.name: 'Windows 10', os.arch: 'x86', os.version: '10.0', java.version: '1.8.0_241'\nDriver info: org.openqa.selenium.chrome.ChromeDriver\nCapabilities {acceptInsecureCerts: false, browserName: chrome, browserVersion: 79.0.3945.130, chrome: {chromedriverVersion: 79.0.3945.36 (3582db32b3389..., userDataDir: C:\\Users\\ALLINE~1.RIB\\AppDa...}, goog:chromeOptions: {debuggerAddress: localhost:58516}, javascriptEnabled: true, networkConnectionEnabled: false, pageLoadStrategy: normal, platform: WINDOWS, platformName: WINDOWS, proxy: Proxy(), setWindowRect: true, strictFileInteractability: false, timeouts: {implicit: 0, pageLoad: 300000, script: 30000}, unhandledPromptBehavior: dismiss and notify}\nSession ID: 4158ac7c9b7a8b3d6bf59dcacde5f2fd\n*** Element info: {Using=xpath, value=.//div[@class='start-order']}\r\n\tat sun.reflect.GeneratedConstructorAccessor18.newInstance(Unknown Source)\r\n\tat sun.reflect.DelegatingConstructorAccessorImpl.newInstance(Unknown Source)\r\n\tat java.lang.reflect.Constructor.newInstance(Unknown Source)\r\n\tat org.openqa.selenium.remote.http.W3CHttpResponseCodec.createException(W3CHttpResponseCodec.java:187)\r\n\tat org.openqa.selenium.remote.http.W3CHttpResponseCodec.decode(W3CHttpResponseCodec.java:122)\r\n\tat org.openqa.selenium.remote.http.W3CHttpResponseCodec.decode(W3CHttpResponseCodec.java:49)\r\n\tat org.openqa.selenium.remote.HttpCommandExecutor.execute(HttpCommandExecutor.java:158)\r\n\tat org.openqa.selenium.remote.service.DriverCommandExecutor.execute(DriverCommandExecutor.java:83)\r\n\tat org.openqa.selenium.remote.RemoteWebDriver.execute(RemoteWebDriver.java:552)\r\n\tat org.openqa.selenium.remote.RemoteWebDriver.findElement(RemoteWebDriver.java:323)\r\n\tat org.openqa.selenium.remote.RemoteWebDriver.findElementByXPath(RemoteWebDriver.java:428)\r\n\tat org.openqa.selenium.By$ByXPath.findElement(By.java:353)\r\n\tat org.openqa.selenium.remote.RemoteWebDriver.findElement(RemoteWebDriver.java:315)\r\n\tat org.openqa.selenium.support.ui.ExpectedConditions$6.apply(ExpectedConditions.java:182)\r\n\tat org.openqa.selenium.support.ui.ExpectedConditions$6.apply(ExpectedConditions.java:179)\r\n\tat org.openqa.selenium.support.ui.FluentWait.until(FluentWait.java:249)\r\n\t... 10 more\r\n","time":"2020-02-13T17:45:07.891Z","v":0}
{"name":"1581615843","hostname":"allinerib-pc","pid":45928,"level":30,"actorType":"ACTOR1","actorId":"23546","msg":"Test session has completed","time":"2020-02-13T17:45:08.400Z","v":0}
{"name":"1581615843","hostname":"allinerib-pc","pid":45928,"level":10,"actorType":"ACTOR1","actorId":"23546","msg":"TRACE: Firing TEST_COMPLETED event...","time":"2020-02-13T17:45:08.404Z","v":0}
{"name":"1581615843","hostname":"allinerib-pc","pid":45928,"level":10,"actorType":"ACTOR1","actorId":"23546","msg":"TRACE: Firing SESSION_COMPLETED event...","time":"2020-02-13T17:45:09.089Z","v":0}
{"name":"1581615843","hostname":"allinerib-pc","pid":45928,"level":30,"actorType":"ACTOR1","actorId":"23546","msg":"Actor 23546 of type ACTOR1 with no tags is waiting to be acquired by a test session...","time":"2020-02-13T17:45:09.093Z","v":0}
{"name":"1581615843","hostname":"allinerib-pc","pid":45928,"level":10,"actorType":"ACTOR1","actorId":"23546","msg":"TRACE: Initializing test session information in the \"announce\" method...","time":"2020-02-13T17:45:15.247Z","v":0}
{"name":"1581615843","hostname":"allinerib-pc","pid":45928,"level":10,"actorType":"ACTOR1","actorId":"23546","msg":"TRACE: Session ID in sync server response was 1581615914; actor session ID was null","time":"2020-02-13T17:45:15.250Z","v":0}
