{"name":"1581540069","hostname":"allinerib-pc","pid":43536,"level":20,"msg":"Sync server version: 1.1.10 2020-01-26 18:59:22 -0600 9016f44150843d1d66d5a93b6786f663d70eb596","time":"2020-02-12T20:41:09.415Z","v":0}
{"name":"1581540069","hostname":"allinerib-pc","pid":43536,"level":30,"msg":"Acquiring actors for session 1581540069: ACTOR1","time":"2020-02-12T20:41:09.419Z","v":0}
{"name":"1581540069","hostname":"allinerib-pc","pid":43536,"level":30,"msg":"Session 1581540069 with label \"Session 1581537440 6\" started at 2020-02-12 20:41:09 UTC","time":"2020-02-12T20:41:09.422Z","v":0}
{"name":"1581540069","hostname":"allinerib-pc","pid":43536,"level":30,"actorType":"ACTOR1","actorId":"10172","msg":"Actor 10172 of type ACTOR1 was acquired by test session 1581540069","time":"2020-02-12T20:41:12.709Z","v":0}
{"name":"1581540069","hostname":"allinerib-pc","pid":43536,"level":20,"actorType":"ACTOR1","actorId":"10172","msg":"DEBUG: Test actor JAR versions:","time":"2020-02-12T20:41:12.718Z","v":0}
{"name":"1581540069","hostname":"allinerib-pc","pid":43536,"level":20,"actorType":"ACTOR1","actorId":"10172","msg":"DEBUG:   opentest-appium-0.0.1.jar: 2020-01-26 18:59 -0600 0.0.1-9016f44150843d1d66d5a93b6786f663d70eb596","time":"2020-02-12T20:41:12.721Z","v":0}
{"name":"1581540069","hostname":"allinerib-pc","pid":43536,"level":20,"actorType":"ACTOR1","actorId":"10172","msg":"DEBUG:   opentest-base-0.0.1.jar: 2020-01-26 18:59 -0600 0.0.1-9016f44150843d1d66d5a93b6786f663d70eb596","time":"2020-02-12T20:41:12.725Z","v":0}
{"name":"1581540069","hostname":"allinerib-pc","pid":43536,"level":20,"actorType":"ACTOR1","actorId":"10172","msg":"DEBUG:   opentest-selenium-0.0.1.jar: 2020-01-26 18:59 -0600 0.0.1-9016f44150843d1d66d5a93b6786f663d70eb596","time":"2020-02-12T20:41:12.731Z","v":0}
{"name":"1581540069","hostname":"allinerib-pc","pid":43536,"level":40,"actorType":"ACTOR1","actorId":"10172","msg":"WARN: Failed to log extension JARs","time":"2020-02-12T20:41:12.735Z","v":0}
{"name":"1581540069","hostname":"allinerib-pc","pid":43536,"level":30,"actorType":"ACTOR1","actorId":"10172","msg":"==================== ACTOR1: web/kiosk ====================","time":"2020-02-12T20:41:12.788Z","v":0}
{"name":"1581540069","hostname":"allinerib-pc","pid":43536,"level":30,"actorType":"ACTOR1","actorId":"10172","msg":"Actor ACTOR1 started executing test web/kiosk...","time":"2020-02-12T20:41:12.792Z","v":0}
{"name":"1581540069","hostname":"allinerib-pc","pid":43536,"level":30,"actorType":"ACTOR1","actorId":"10172","msg":"Executing segment 1 of test web/kiosk...","time":"2020-02-12T20:41:12.814Z","v":0}
{"name":"1581540069","hostname":"allinerib-pc","pid":43536,"level":30,"actorType":"ACTOR1","actorId":"10172","msg":"Evaluating action 1/3 (org.getopentest.selenium.NavigateTo) in segment 1 (openBrowser)...","time":"2020-02-12T20:41:12.817Z","v":0}
{"name":"1581540069","hostname":"allinerib-pc","pid":43536,"level":10,"actorType":"ACTOR1","actorId":"10172","msg":"TRACE: Initializing action org.getopentest.selenium.NavigateTo...","time":"2020-02-12T20:41:12.822Z","v":0}
{"name":"1581540069","hostname":"allinerib-pc","pid":43536,"level":30,"actorType":"ACTOR1","actorId":"10172","msg":"Loading configuration from \"C:\\devqatraining\\actor1\\actor.yaml\"","time":"2020-02-12T20:41:12.828Z","v":0}
{"name":"1581540069","hostname":"allinerib-pc","pid":43536,"level":30,"actorType":"ACTOR1","actorId":"10172","msg":"Using local Selenium server","time":"2020-02-12T20:41:12.837Z","v":0}
{"name":"1581540069","hostname":"allinerib-pc","pid":43536,"level":10,"actorType":"ACTOR1","actorId":"10172","msg":"TRACE: Setting system property \"webdriver.chrome.driver\" to \"C:/Selenium/chromedriver.exe\"","time":"2020-02-12T20:41:12.841Z","v":0}
{"name":"1581540069","hostname":"allinerib-pc","pid":43536,"level":30,"actorType":"ACTOR1","actorId":"10172","msg":"Executing action org.getopentest.selenium.NavigateTo with arguments {\"url\":\"http://localhost:8123/npsharp/kiosk/pos0025/\"}...","time":"2020-02-12T20:41:22.832Z","v":0}
{"name":"1581540069","hostname":"allinerib-pc","pid":43536,"level":30,"actorType":"ACTOR1","actorId":"10172","msg":"Evaluating action 2/3 (script action) in segment 1...","time":"2020-02-12T20:41:23.302Z","v":0}
{"name":"1581540069","hostname":"allinerib-pc","pid":43536,"level":10,"actorType":"ACTOR1","actorId":"10172","msg":"TRACE: Initializing action org.getopentest.base.ScriptAction...","time":"2020-02-12T20:41:23.308Z","v":0}
{"name":"1581540069","hostname":"allinerib-pc","pid":43536,"level":30,"actorType":"ACTOR1","actorId":"10172","msg":"Executing action org.getopentest.base.ScriptAction (no arguments were provided)...","time":"2020-02-12T20:41:23.315Z","v":0}
{"name":"1581540069","hostname":"allinerib-pc","pid":43536,"level":30,"actorType":"ACTOR1","actorId":"10172","msg":"Evaluating action 3/3 (org.getopentest.selenium.Click) in segment 1 (click at order start button)...","time":"2020-02-12T20:42:03.357Z","v":0}
{"name":"1581540069","hostname":"allinerib-pc","pid":43536,"level":10,"actorType":"ACTOR1","actorId":"10172","msg":"TRACE: Initializing action org.getopentest.selenium.Click...","time":"2020-02-12T20:42:03.363Z","v":0}
{"name":"1581540069","hostname":"allinerib-pc","pid":43536,"level":30,"actorType":"ACTOR1","actorId":"10172","msg":"Executing action org.getopentest.selenium.Click with arguments {\"locator\":{\"xpath\":\".//div[@class='start-order']\"}}...","time":"2020-02-12T20:42:03.367Z","v":0}
{"name":"1581540069","hostname":"allinerib-pc","pid":43536,"level":50,"actorType":"ACTOR1","actorId":"10172","msg":"ERROR: java.lang.Exception: Failed executing test web/kiosk, segment 1\r\n\tat org.getopentest.base.TestActor.executeTestSegment(TestActor.java:2111)\r\n\tat org.getopentest.base.TestActor.runOneSession(TestActor.java:2899)\r\n\tat org.getopentest.base.TestActor.runOneSession(TestActor.java:2935)\r\n\tat org.getopentest.Main.main(Main.java:20)\r\nCaused by: java.lang.RuntimeException: There was an error while executing action no. 3 (org.getopentest.selenium.Click) in segment 1 of test web/kiosk.\nThe action definition was:\n{\n  \"action\": \"org.getopentest.selenium.Click\",\n  \"args\": {\n    \"locator\": {\n      \"xpath\": \".//div[@class='start-order']\"\n    }\n  },\n  \"description\": \"click at order start button\"\n}\r\n\tat org.getopentest.base.TestActor.executeTestSegment(TestActor.java:2069)\r\n\t... 3 more\r\nCaused by: java.lang.RuntimeException: Failed executing action org.getopentest.selenium.Click with arguments {\"locator\":{\"xpath\":\".//div[@class='start-order']\"}}\r\n\tat org.getopentest.base.TestActor.executeActionByDef(TestActor.java:1766)\r\n\tat org.getopentest.base.TestActor.executeTestSegment(TestActor.java:2019)\r\n\t... 3 more\r\nCaused by: java.lang.RuntimeException: Failed to instantiate action class \"org.getopentest.selenium.Click\"\r\n\tat org.getopentest.base.TestActor.executeActionByClassName(TestActor.java:1569)\r\n\tat org.getopentest.base.TestActor.executeActionByDef(TestActor.java:1650)\r\n\t... 4 more\r\nCaused by: java.lang.RuntimeException: Failed clicking on element By.xpath: .//div[@class='start-order']\r\n\tat org.getopentest.selenium.Click.run(Click.java:34)\r\n\tat org.getopentest.base.TestActor.executeAction(TestActor.java:1474)\r\n\tat org.getopentest.base.TestActor.executeActionByClassName(TestActor.java:1550)\r\n\t... 5 more\r\nCaused by: org.openqa.selenium.TimeoutException: Expected condition failed: waiting for presence of element located by: By.xpath: .//div[@class='start-order'] (tried for 10 second(s) with 500 milliseconds interval)\r\n\tat org.openqa.selenium.support.ui.WebDriverWait.timeoutException(WebDriverWait.java:95)\r\n\tat org.openqa.selenium.support.ui.FluentWait.until(FluentWait.java:272)\r\n\tat org.getopentest.selenium.core.SeleniumTestAction.getElement(SeleniumTestAction.java:58)\r\n\tat org.getopentest.selenium.core.SeleniumTestAction.getElement(SeleniumTestAction.java:50)\r\n\tat org.getopentest.selenium.Click.run(Click.java:29)\r\n\t... 7 more\r\nCaused by: org.openqa.selenium.NoSuchWindowException: no such window: target window already closed\nfrom unknown error: web view not found\n  (Session info: chrome=79.0.3945.130)\nBuild info: version: '3.141.59', revision: 'e82be7d358', time: '2018-11-14T08:17:03'\nSystem info: host: 'ALLINERIB-PC', ip: '10.10.15.149', os.name: 'Windows 10', os.arch: 'x86', os.version: '10.0', java.version: '1.8.0_241'\nDriver info: org.openqa.selenium.chrome.ChromeDriver\nCapabilities {acceptInsecureCerts: false, browserName: chrome, browserVersion: 79.0.3945.130, chrome: {chromedriverVersion: 79.0.3945.36 (3582db32b3389..., userDataDir: C:\\Users\\ALLINE~1.RIB\\AppDa...}, goog:chromeOptions: {debuggerAddress: localhost:49505}, javascriptEnabled: true, networkConnectionEnabled: false, pageLoadStrategy: normal, platform: WINDOWS, platformName: WINDOWS, proxy: Proxy(), setWindowRect: true, strictFileInteractability: false, timeouts: {implicit: 0, pageLoad: 300000, script: 30000}, unhandledPromptBehavior: dismiss and notify}\nSession ID: 22e751bf7683f977443cc04ed9bba448\n*** Element info: {Using=xpath, value=.//div[@class='start-order']}\r\n\tat sun.reflect.GeneratedConstructorAccessor13.newInstance(Unknown Source)\r\n\tat sun.reflect.DelegatingConstructorAccessorImpl.newInstance(Unknown Source)\r\n\tat java.lang.reflect.Constructor.newInstance(Unknown Source)\r\n\tat org.openqa.selenium.remote.http.W3CHttpResponseCodec.createException(W3CHttpResponseCodec.java:187)\r\n\tat org.openqa.selenium.remote.http.W3CHttpResponseCodec.decode(W3CHttpResponseCodec.java:122)\r\n\tat org.openqa.selenium.remote.http.W3CHttpResponseCodec.decode(W3CHttpResponseCodec.java:49)\r\n\tat org.openqa.selenium.remote.HttpCommandExecutor.execute(HttpCommandExecutor.java:158)\r\n\tat org.openqa.selenium.remote.service.DriverCommandExecutor.execute(DriverCommandExecutor.java:83)\r\n\tat org.openqa.selenium.remote.RemoteWebDriver.execute(RemoteWebDriver.java:552)\r\n\tat org.openqa.selenium.remote.RemoteWebDriver.findElement(RemoteWebDriver.java:323)\r\n\tat org.openqa.selenium.remote.RemoteWebDriver.findElementByXPath(RemoteWebDriver.java:428)\r\n\tat org.openqa.selenium.By$ByXPath.findElement(By.java:353)\r\n\tat org.openqa.selenium.remote.RemoteWebDriver.findElement(RemoteWebDriver.java:315)\r\n\tat org.openqa.selenium.support.ui.ExpectedConditions$6.apply(ExpectedConditions.java:182)\r\n\tat org.openqa.selenium.support.ui.ExpectedConditions$6.apply(ExpectedConditions.java:179)\r\n\tat org.openqa.selenium.support.ui.FluentWait.until(FluentWait.java:249)\r\n\t... 10 more\r\n","time":"2020-02-12T20:42:15.057Z","v":0}
{"name":"1581540069","hostname":"allinerib-pc","pid":43536,"level":30,"actorType":"ACTOR1","actorId":"10172","msg":"Test session has completed","time":"2020-02-12T20:42:15.578Z","v":0}
{"name":"1581540069","hostname":"allinerib-pc","pid":43536,"level":10,"actorType":"ACTOR1","actorId":"10172","msg":"TRACE: Firing TEST_COMPLETED event...","time":"2020-02-12T20:42:15.626Z","v":0}
{"name":"1581540069","hostname":"allinerib-pc","pid":43536,"level":20,"actorType":"ACTOR1","actorId":"10172","msg":"DEBUG: The browser log entries were: \n >>>>> LEVEL: WARNING | TIMESTAMP: 1581540123564 | MESSAGE: http://localhost:8123/npsharp/kiosk/pos0025/cso/services/logger/logger.js 0:1881 \"20200212 174138.157 WRN at [e.onOutagesChange] Products on outage: []\" >>>>> LEVEL: WARNING | TIMESTAMP: 1581540123572 | MESSAGE: http://localhost:8123/npsharp/kiosk/pos0025/cso/services/logger/logger.js 0:1881 \"20200212 174143.206 WRN at [e.goHome] Cannot execute workflow\"","time":"2020-02-12T20:42:15.642Z","v":0}
{"name":"1581540069","hostname":"allinerib-pc","pid":43536,"level":10,"actorType":"ACTOR1","actorId":"10172","msg":"TRACE: Firing SESSION_COMPLETED event...","time":"2020-02-12T20:42:16.246Z","v":0}
{"name":"1581540069","hostname":"allinerib-pc","pid":43536,"level":30,"actorType":"ACTOR1","actorId":"10172","msg":"Actor 10172 of type ACTOR1 with no tags is waiting to be acquired by a test session...","time":"2020-02-12T20:42:16.255Z","v":0}
