{"name":"1581618494","hostname":"allinerib-pc","pid":23320,"level":20,"msg":"Sync server version: 1.1.10 2020-01-26 18:59:22 -0600 9016f44150843d1d66d5a93b6786f663d70eb596","time":"2020-02-13T18:28:14.302Z","v":0}
{"name":"1581618494","hostname":"allinerib-pc","pid":23320,"level":30,"msg":"Acquiring actors for session 1581618494: ACTOR1","time":"2020-02-13T18:28:14.305Z","v":0}
{"name":"1581618494","hostname":"allinerib-pc","pid":23320,"level":30,"msg":"Session 1581618494 with label \"null\" started at 2020-02-13 18:28:14 UTC","time":"2020-02-13T18:28:14.311Z","v":0}
{"name":"1581618494","hostname":"allinerib-pc","pid":23320,"level":30,"actorType":"ACTOR1","actorId":"6901","msg":"Actor 6901 of type ACTOR1 was acquired by test session 1581618494","time":"2020-02-13T18:28:17.080Z","v":0}
{"name":"1581618494","hostname":"allinerib-pc","pid":23320,"level":20,"actorType":"ACTOR1","actorId":"6901","msg":"DEBUG: Test actor JAR versions:","time":"2020-02-13T18:28:17.089Z","v":0}
{"name":"1581618494","hostname":"allinerib-pc","pid":23320,"level":20,"actorType":"ACTOR1","actorId":"6901","msg":"DEBUG:   opentest-appium-0.0.1.jar: 2020-01-26 18:59 -0600 0.0.1-9016f44150843d1d66d5a93b6786f663d70eb596","time":"2020-02-13T18:28:17.097Z","v":0}
{"name":"1581618494","hostname":"allinerib-pc","pid":23320,"level":20,"actorType":"ACTOR1","actorId":"6901","msg":"DEBUG:   opentest-base-0.0.1.jar: 2020-01-26 18:59 -0600 0.0.1-9016f44150843d1d66d5a93b6786f663d70eb596","time":"2020-02-13T18:28:17.101Z","v":0}
{"name":"1581618494","hostname":"allinerib-pc","pid":23320,"level":20,"actorType":"ACTOR1","actorId":"6901","msg":"DEBUG:   opentest-selenium-0.0.1.jar: 2020-01-26 18:59 -0600 0.0.1-9016f44150843d1d66d5a93b6786f663d70eb596","time":"2020-02-13T18:28:17.105Z","v":0}
{"name":"1581618494","hostname":"allinerib-pc","pid":23320,"level":40,"actorType":"ACTOR1","actorId":"6901","msg":"WARN: Failed to log extension JARs","time":"2020-02-13T18:28:17.116Z","v":0}
{"name":"1581618494","hostname":"allinerib-pc","pid":23320,"level":30,"actorType":"ACTOR1","actorId":"6901","msg":"==================== ACTOR1: web/kiosk ====================","time":"2020-02-13T18:28:17.187Z","v":0}
{"name":"1581618494","hostname":"allinerib-pc","pid":23320,"level":30,"actorType":"ACTOR1","actorId":"6901","msg":"Actor ACTOR1 started executing test web/kiosk...","time":"2020-02-13T18:28:17.194Z","v":0}
{"name":"1581618494","hostname":"allinerib-pc","pid":23320,"level":30,"actorType":"ACTOR1","actorId":"6901","msg":"Executing segment 1 of test web/kiosk...","time":"2020-02-13T18:28:17.227Z","v":0}
{"name":"1581618494","hostname":"allinerib-pc","pid":23320,"level":30,"actorType":"ACTOR1","actorId":"6901","msg":"Evaluating action 1/6 (org.getopentest.selenium.NavigateTo) in segment 1 (openBrowser)...","time":"2020-02-13T18:28:17.235Z","v":0}
{"name":"1581618494","hostname":"allinerib-pc","pid":23320,"level":10,"actorType":"ACTOR1","actorId":"6901","msg":"TRACE: Initializing action org.getopentest.selenium.NavigateTo...","time":"2020-02-13T18:28:17.242Z","v":0}
{"name":"1581618494","hostname":"allinerib-pc","pid":23320,"level":30,"actorType":"ACTOR1","actorId":"6901","msg":"Loading configuration from \"C:\\devqatraining\\actor1\\actor.yaml\"","time":"2020-02-13T18:28:17.250Z","v":0}
{"name":"1581618494","hostname":"allinerib-pc","pid":23320,"level":30,"actorType":"ACTOR1","actorId":"6901","msg":"Using local Selenium server","time":"2020-02-13T18:28:17.261Z","v":0}
{"name":"1581618494","hostname":"allinerib-pc","pid":23320,"level":10,"actorType":"ACTOR1","actorId":"6901","msg":"TRACE: Setting system property \"webdriver.chrome.driver\" to \"C:/Selenium/chromedriver.exe\"","time":"2020-02-13T18:28:17.271Z","v":0}
{"name":"1581618494","hostname":"allinerib-pc","pid":23320,"level":30,"actorType":"ACTOR1","actorId":"6901","msg":"Executing action org.getopentest.selenium.NavigateTo with arguments {\"url\":\"http://localhost:8123/npsharp/kiosk/pos0025/\"}...","time":"2020-02-13T18:28:27.537Z","v":0}
{"name":"1581618494","hostname":"allinerib-pc","pid":23320,"level":30,"actorType":"ACTOR1","actorId":"6901","msg":"Evaluating action 2/6 (script action) in segment 1...","time":"2020-02-13T18:28:28.310Z","v":0}
{"name":"1581618494","hostname":"allinerib-pc","pid":23320,"level":10,"actorType":"ACTOR1","actorId":"6901","msg":"TRACE: Initializing action org.getopentest.base.ScriptAction...","time":"2020-02-13T18:28:28.318Z","v":0}
{"name":"1581618494","hostname":"allinerib-pc","pid":23320,"level":30,"actorType":"ACTOR1","actorId":"6901","msg":"Executing action org.getopentest.base.ScriptAction (no arguments were provided)...","time":"2020-02-13T18:28:28.326Z","v":0}
{"name":"1581618494","hostname":"allinerib-pc","pid":23320,"level":30,"actorType":"ACTOR1","actorId":"6901","msg":"Evaluating action 3/6 (org.getopentest.selenium.Click) in segment 1 (click at order start button)...","time":"2020-02-13T18:29:08.399Z","v":0}
{"name":"1581618494","hostname":"allinerib-pc","pid":23320,"level":10,"actorType":"ACTOR1","actorId":"6901","msg":"TRACE: Initializing action org.getopentest.selenium.Click...","time":"2020-02-13T18:29:08.404Z","v":0}
{"name":"1581618494","hostname":"allinerib-pc","pid":23320,"level":30,"actorType":"ACTOR1","actorId":"6901","msg":"Executing action org.getopentest.selenium.Click with arguments {\"locator\":{\"xpath\":\".//div[@class='start-order']\"}}...","time":"2020-02-13T18:29:08.409Z","v":0}
{"name":"1581618494","hostname":"allinerib-pc","pid":23320,"level":30,"actorType":"ACTOR1","actorId":"6901","msg":"Captured screenshot at C:\\devqatraining\\actor1\\out\\screenshots\\SID1581618494_ACTOR1_T01_SG01_ST03_error.png","time":"2020-02-13T18:29:20.786Z","v":0}
{"name":"1581618494","hostname":"allinerib-pc","pid":23320,"level":50,"actorType":"ACTOR1","actorId":"6901","msg":"ERROR: java.lang.Exception: Failed executing test web/kiosk, segment 1\r\n\tat org.getopentest.base.TestActor.executeTestSegment(TestActor.java:2111)\r\n\tat org.getopentest.base.TestActor.runOneSession(TestActor.java:2899)\r\n\tat org.getopentest.base.TestActor.runOneSession(TestActor.java:2935)\r\n\tat org.getopentest.Main.main(Main.java:20)\r\nCaused by: java.lang.RuntimeException: There was an error while executing action no. 3 (org.getopentest.selenium.Click) in segment 1 of test web/kiosk.\nThe action definition was:\n{\n  \"action\": \"org.getopentest.selenium.Click\",\n  \"args\": {\n    \"locator\": {\n      \"xpath\": \".//div[@class='start-order']\"\n    }\n  },\n  \"description\": \"click at order start button\"\n}\r\n\tat org.getopentest.base.TestActor.executeTestSegment(TestActor.java:2069)\r\n\t... 3 more\r\nCaused by: java.lang.RuntimeException: Failed executing action org.getopentest.selenium.Click with arguments {\"locator\":{\"xpath\":\".//div[@class='start-order']\"}}\r\n\tat org.getopentest.base.TestActor.executeActionByDef(TestActor.java:1766)\r\n\tat org.getopentest.base.TestActor.executeTestSegment(TestActor.java:2019)\r\n\t... 3 more\r\nCaused by: java.lang.RuntimeException: Failed to instantiate action class \"org.getopentest.selenium.Click\"\r\n\tat org.getopentest.base.TestActor.executeActionByClassName(TestActor.java:1569)\r\n\tat org.getopentest.base.TestActor.executeActionByDef(TestActor.java:1650)\r\n\t... 4 more\r\nCaused by: java.lang.RuntimeException: Failed clicking on element By.xpath: .//div[@class='start-order']\r\n\tat org.getopentest.selenium.Click.run(Click.java:34)\r\n\tat org.getopentest.base.TestActor.executeAction(TestActor.java:1474)\r\n\tat org.getopentest.base.TestActor.executeActionByClassName(TestActor.java:1550)\r\n\t... 5 more\r\nCaused by: org.openqa.selenium.TimeoutException: Expected condition failed: waiting for element to be clicked: [[ChromeDriver: chrome on WINDOWS (213045ae608641416c66c016bbe979ac)] -> xpath: .//div[@class='start-order']] (tried for 10 second(s) with 500 milliseconds interval)\nBuild info: version: '3.141.59', revision: 'e82be7d358', time: '2018-11-14T08:17:03'\nSystem info: host: 'ALLINERIB-PC', ip: '10.10.15.149', os.name: 'Windows 10', os.arch: 'x86', os.version: '10.0', java.version: '1.8.0_241'\nDriver info: org.openqa.selenium.chrome.ChromeDriver\nCapabilities {acceptInsecureCerts: false, browserName: chrome, browserVersion: 79.0.3945.130, chrome: {chromedriverVersion: 79.0.3945.36 (3582db32b3389..., userDataDir: C:\\Users\\ALLINE~1.RIB\\AppDa...}, goog:chromeOptions: {debuggerAddress: localhost:62429}, javascriptEnabled: true, networkConnectionEnabled: false, pageLoadStrategy: normal, platform: WINDOWS, platformName: WINDOWS, proxy: Proxy(), setWindowRect: true, strictFileInteractability: false, timeouts: {implicit: 0, pageLoad: 300000, script: 30000}, unhandledPromptBehavior: dismiss and notify}\nSession ID: 213045ae608641416c66c016bbe979ac\r\n\tat org.openqa.selenium.support.ui.WebDriverWait.timeoutException(WebDriverWait.java:95)\r\n\tat org.openqa.selenium.support.ui.FluentWait.until(FluentWait.java:272)\r\n\tat org.getopentest.selenium.Click.run(Click.java:32)\r\n\t... 7 more\r\n","time":"2020-02-13T18:29:20.809Z","v":0}
{"name":"1581618494","hostname":"allinerib-pc","pid":23320,"level":30,"actorType":"ACTOR1","actorId":"6901","msg":"Test session has completed","time":"2020-02-13T18:29:21.323Z","v":0}
{"name":"1581618494","hostname":"allinerib-pc","pid":23320,"level":10,"actorType":"ACTOR1","actorId":"6901","msg":"TRACE: Firing TEST_COMPLETED event...","time":"2020-02-13T18:29:21.328Z","v":0}
{"name":"1581618494","hostname":"allinerib-pc","pid":23320,"level":20,"actorType":"ACTOR1","actorId":"6901","msg":"DEBUG: The browser log entries were: \n >>>>> LEVEL: WARNING | TIMESTAMP: 1581618548753 | MESSAGE: http://localhost:8123/npsharp/kiosk/pos0025/cso/services/logger/logger.js 0:1881 \"20200213 152843.327 WRN at [e.onOutagesChange] Products on outage: []\" >>>>> LEVEL: WARNING | TIMESTAMP: 1581618548767 | MESSAGE: http://localhost:8123/npsharp/kiosk/pos0025/cso/services/logger/logger.js 0:1881 \"20200213 152848.381 WRN at [e.goHome] Cannot execute workflow\"","time":"2020-02-13T18:29:21.339Z","v":0}
{"name":"1581618494","hostname":"allinerib-pc","pid":23320,"level":10,"actorType":"ACTOR1","actorId":"6901","msg":"TRACE: Firing SESSION_COMPLETED event...","time":"2020-02-13T18:29:22.001Z","v":0}
{"name":"1581618494","hostname":"allinerib-pc","pid":23320,"level":30,"actorType":"ACTOR1","actorId":"6901","msg":"Actor 6901 of type ACTOR1 with no tags is waiting to be acquired by a test session...","time":"2020-02-13T18:29:22.005Z","v":0}
