{"name":"1581446069","hostname":"allinerib-pc","pid":27720,"level":20,"msg":"Sync server version: 1.1.10 2020-01-26 18:59:22 -0600 9016f44150843d1d66d5a93b6786f663d70eb596","time":"2020-02-11T18:34:29.326Z","v":0}
{"name":"1581446069","hostname":"allinerib-pc","pid":27720,"level":30,"msg":"Acquiring actors for session 1581446069: ACTOR1","time":"2020-02-11T18:34:29.329Z","v":0}
{"name":"1581446069","hostname":"allinerib-pc","pid":27720,"level":30,"msg":"Session 1581446069 with label \"Session 1581446033 2\" started at 2020-02-11 18:34:29 UTC","time":"2020-02-11T18:34:29.331Z","v":0}
{"name":"1581446069","hostname":"allinerib-pc","pid":27720,"level":30,"actorType":"ACTOR1","actorId":"51872","msg":"Actor 51872 of type ACTOR1 was acquired by test session 1581446069","time":"2020-02-11T18:34:36.830Z","v":0}
{"name":"1581446069","hostname":"allinerib-pc","pid":27720,"level":20,"actorType":"ACTOR1","actorId":"51872","msg":"DEBUG: Test actor JAR versions:","time":"2020-02-11T18:34:36.839Z","v":0}
{"name":"1581446069","hostname":"allinerib-pc","pid":27720,"level":20,"actorType":"ACTOR1","actorId":"51872","msg":"DEBUG:   opentest-appium-0.0.1.jar: 2020-01-26 18:59 -0600 0.0.1-9016f44150843d1d66d5a93b6786f663d70eb596","time":"2020-02-11T18:34:36.843Z","v":0}
{"name":"1581446069","hostname":"allinerib-pc","pid":27720,"level":20,"actorType":"ACTOR1","actorId":"51872","msg":"DEBUG:   opentest-base-0.0.1.jar: 2020-01-26 18:59 -0600 0.0.1-9016f44150843d1d66d5a93b6786f663d70eb596","time":"2020-02-11T18:34:36.847Z","v":0}
{"name":"1581446069","hostname":"allinerib-pc","pid":27720,"level":20,"actorType":"ACTOR1","actorId":"51872","msg":"DEBUG:   opentest-selenium-0.0.1.jar: 2020-01-26 18:59 -0600 0.0.1-9016f44150843d1d66d5a93b6786f663d70eb596","time":"2020-02-11T18:34:36.851Z","v":0}
{"name":"1581446069","hostname":"allinerib-pc","pid":27720,"level":40,"actorType":"ACTOR1","actorId":"51872","msg":"WARN: Failed to log extension JARs","time":"2020-02-11T18:34:36.855Z","v":0}
{"name":"1581446069","hostname":"allinerib-pc","pid":27720,"level":30,"actorType":"ACTOR1","actorId":"51872","msg":"==================== ACTOR1: web/Find the React repo on GitHub's website ====================","time":"2020-02-11T18:34:36.886Z","v":0}
{"name":"1581446069","hostname":"allinerib-pc","pid":27720,"level":30,"actorType":"ACTOR1","actorId":"51872","msg":"Actor ACTOR1 started executing test web/Find the React repo on GitHub's website...","time":"2020-02-11T18:34:36.890Z","v":0}
{"name":"1581446069","hostname":"allinerib-pc","pid":27720,"level":30,"actorType":"ACTOR1","actorId":"51872","msg":"Executing segment 1 of test web/Find the React repo on GitHub's website...","time":"2020-02-11T18:34:36.910Z","v":0}
{"name":"1581446069","hostname":"allinerib-pc","pid":27720,"level":30,"actorType":"ACTOR1","actorId":"51872","msg":"Evaluating action 1/4 (org.getopentest.selenium.NavigateTo) in segment 1 (Navigate to the GitHub homepage)...","time":"2020-02-11T18:34:36.916Z","v":0}
{"name":"1581446069","hostname":"allinerib-pc","pid":27720,"level":10,"actorType":"ACTOR1","actorId":"51872","msg":"TRACE: Initializing action org.getopentest.selenium.NavigateTo...","time":"2020-02-11T18:34:36.921Z","v":0}
{"name":"1581446069","hostname":"allinerib-pc","pid":27720,"level":30,"actorType":"ACTOR1","actorId":"51872","msg":"Using local Selenium server","time":"2020-02-11T18:34:36.950Z","v":0}
{"name":"1581446069","hostname":"allinerib-pc","pid":27720,"level":10,"actorType":"ACTOR1","actorId":"51872","msg":"TRACE: Setting system property \"webdriver.chrome.driver\" to \"C:/Selenium/chromedriver.exe\"","time":"2020-02-11T18:34:36.954Z","v":0}
{"name":"1581446069","hostname":"allinerib-pc","pid":27720,"level":50,"actorType":"ACTOR1","actorId":"51872","msg":"ERROR: java.lang.Exception: Failed executing test web/Find the React repo on GitHub's website, segment 1\r\n\tat org.getopentest.base.TestActor.executeTestSegment(TestActor.java:2111)\r\n\tat org.getopentest.base.TestActor.runOneSession(TestActor.java:2899)\r\n\tat org.getopentest.base.TestActor.runOneSession(TestActor.java:2935)\r\n\tat org.getopentest.Main.main(Main.java:20)\r\nCaused by: java.lang.RuntimeException: There was an error while executing action no. 1 (org.getopentest.selenium.NavigateTo) in segment 1 of test web/Find the React repo on GitHub's website.\nThe action definition was:\n{\n  \"action\": \"org.getopentest.selenium.NavigateTo\",\n  \"args\": {\n    \"url\": \"https://github.com/\"\n  },\n  \"description\": \"Navigate to the GitHub homepage\"\n}\r\n\tat org.getopentest.base.TestActor.executeTestSegment(TestActor.java:2069)\r\n\t... 3 more\r\nCaused by: java.lang.RuntimeException: Failed executing action org.getopentest.selenium.NavigateTo with arguments {\"url\":\"https://github.com/\"}\r\n\tat org.getopentest.base.TestActor.executeActionByDef(TestActor.java:1766)\r\n\tat org.getopentest.base.TestActor.executeTestSegment(TestActor.java:2019)\r\n\t... 3 more\r\nCaused by: java.lang.RuntimeException: Failed to instantiate action class \"org.getopentest.selenium.NavigateTo\"\r\n\tat org.getopentest.base.TestActor.executeActionByClassName(TestActor.java:1569)\r\n\tat org.getopentest.base.TestActor.executeActionByDef(TestActor.java:1650)\r\n\t... 4 more\r\nCaused by: org.openqa.selenium.WebDriverException: Timed out waiting for driver server to start.\nBuild info: version: '3.141.59', revision: 'e82be7d358', time: '2018-11-14T08:17:03'\nSystem info: host: 'ALLINERIB-PC', ip: '10.10.15.149', os.name: 'Windows 10', os.arch: 'x86', os.version: '10.0', java.version: '1.8.0_241'\nDriver info: driver.version: ChromeDriver\r\n\tat org.openqa.selenium.remote.service.DriverService.waitUntilAvailable(DriverService.java:202)\r\n\tat org.openqa.selenium.remote.service.DriverService.start(DriverService.java:188)\r\n\tat org.openqa.selenium.remote.service.DriverCommandExecutor.execute(DriverCommandExecutor.java:79)\r\n\tat org.openqa.selenium.remote.RemoteWebDriver.execute(RemoteWebDriver.java:552)\r\n\tat org.openqa.selenium.remote.RemoteWebDriver.startSession(RemoteWebDriver.java:213)\r\n\tat org.openqa.selenium.remote.RemoteWebDriver.<init>(RemoteWebDriver.java:131)\r\n\tat org.openqa.selenium.chrome.ChromeDriver.<init>(ChromeDriver.java:181)\r\n\tat org.openqa.selenium.chrome.ChromeDriver.<init>(ChromeDriver.java:168)\r\n\tat org.openqa.selenium.chrome.ChromeDriver.<init>(ChromeDriver.java:157)\r\n\tat org.getopentest.selenium.core.SeleniumHelper.createDriver(SeleniumHelper.java:87)\r\n\tat org.getopentest.selenium.core.SeleniumHelper.getDriver(SeleniumHelper.java:227)\r\n\tat org.getopentest.selenium.core.SeleniumTestAction.initialize(SeleniumTestAction.java:203)\r\n\tat org.getopentest.base.TestActor.executeAction(TestActor.java:1456)\r\n\tat org.getopentest.base.TestActor.executeActionByClassName(TestActor.java:1550)\r\n\t... 5 more\r\nCaused by: org.openqa.selenium.net.UrlChecker$TimeoutException: Timed out waiting for [http://localhost:17179/status] to be available after 20001 ms\r\n\tat org.openqa.selenium.net.UrlChecker.waitUntilAvailable(UrlChecker.java:100)\r\n\tat org.openqa.selenium.remote.service.DriverService.waitUntilAvailable(DriverService.java:197)\r\n\t... 18 more\r\nCaused by: java.util.concurrent.TimeoutException\r\n\tat java.util.concurrent.FutureTask.get(Unknown Source)\r\n\tat com.google.common.util.concurrent.SimpleTimeLimiter.callWithTimeout(SimpleTimeLimiter.java:147)\r\n\tat org.openqa.selenium.net.UrlChecker.waitUntilAvailable(UrlChecker.java:75)\r\n\t... 19 more\r\n","time":"2020-02-11T18:34:56.978Z","v":0}
{"name":"1581446069","hostname":"allinerib-pc","pid":27720,"level":30,"actorType":"ACTOR1","actorId":"51872","msg":"Test session has completed","time":"2020-02-11T18:34:57.485Z","v":0}
{"name":"1581446069","hostname":"allinerib-pc","pid":27720,"level":10,"actorType":"ACTOR1","actorId":"51872","msg":"TRACE: Firing TEST_COMPLETED event...","time":"2020-02-11T18:34:57.488Z","v":0}
{"name":"1581446069","hostname":"allinerib-pc","pid":27720,"level":30,"actorType":"ACTOR1","actorId":"51872","msg":"Using local Selenium server","time":"2020-02-11T18:34:57.492Z","v":0}
{"name":"1581446069","hostname":"allinerib-pc","pid":27720,"level":10,"actorType":"ACTOR1","actorId":"51872","msg":"TRACE: Setting system property \"webdriver.chrome.driver\" to \"C:/Selenium/chromedriver.exe\"","time":"2020-02-11T18:34:57.497Z","v":0}
{"name":"1581446069","hostname":"allinerib-pc","pid":27720,"level":50,"actorType":"ACTOR1","actorId":"51872","msg":"ERROR: The \"runOneSession\" method failed","time":"2020-02-11T18:35:17.508Z","v":0}
{"name":"1581446069","hostname":"allinerib-pc","pid":27720,"level":50,"actorType":"ACTOR1","actorId":"51872","msg":"ERROR: java.lang.NullPointerException\r\n\tat org.getopentest.selenium.core.SeleniumTestAction$1.update(SeleniumTestAction.java:190)\r\n\tat java.util.Observable.notifyObservers(Unknown Source)\r\n\tat org.getopentest.base.TestActor.runOneSession(TestActor.java:2924)\r\n\tat org.getopentest.base.TestActor.runOneSession(TestActor.java:2935)\r\n\tat org.getopentest.Main.main(Main.java:20)\r\n","time":"2020-02-11T18:35:17.511Z","v":0}
{"name":"1581446069","hostname":"allinerib-pc","pid":27720,"level":30,"actorType":"ACTOR1","actorId":"51872","msg":"Actor 51872 of type ACTOR1 with no tags is waiting to be acquired by a test session...","time":"2020-02-11T18:35:17.515Z","v":0}
{"name":"1581446069","hostname":"allinerib-pc","pid":27720,"level":10,"actorType":"ACTOR1","actorId":"51872","msg":"TRACE: Initializing test session information in the \"announce\" method...","time":"2020-02-11T18:36:55.553Z","v":0}
{"name":"1581446069","hostname":"allinerib-pc","pid":27720,"level":10,"actorType":"ACTOR1","actorId":"51872","msg":"TRACE: Session ID in sync server response was 1581446215; actor session ID was null","time":"2020-02-11T18:36:55.557Z","v":0}
