{"name":"1581616400","hostname":"allinerib-pc","pid":45928,"level":20,"msg":"Sync server version: 1.1.10 2020-01-26 18:59:22 -0600 9016f44150843d1d66d5a93b6786f663d70eb596","time":"2020-02-13T17:53:20.161Z","v":0}
{"name":"1581616400","hostname":"allinerib-pc","pid":45928,"level":30,"msg":"Acquiring actors for session 1581616400: ACTOR1","time":"2020-02-13T17:53:20.163Z","v":0}
{"name":"1581616400","hostname":"allinerib-pc","pid":45928,"level":30,"msg":"Session 1581616400 with label \"null\" started at 2020-02-13 17:53:20 UTC","time":"2020-02-13T17:53:20.165Z","v":0}
{"name":"1581616400","hostname":"allinerib-pc","pid":45928,"level":30,"actorType":"ACTOR1","actorId":"23546","msg":"Actor 23546 of type ACTOR1 was acquired by test session 1581616400","time":"2020-02-13T17:53:20.846Z","v":0}
{"name":"1581616400","hostname":"allinerib-pc","pid":45928,"level":20,"actorType":"ACTOR1","actorId":"23546","msg":"DEBUG: Test actor JAR versions:","time":"2020-02-13T17:53:20.855Z","v":0}
{"name":"1581616400","hostname":"allinerib-pc","pid":45928,"level":20,"actorType":"ACTOR1","actorId":"23546","msg":"DEBUG:   opentest-appium-0.0.1.jar: 2020-01-26 18:59 -0600 0.0.1-9016f44150843d1d66d5a93b6786f663d70eb596","time":"2020-02-13T17:53:20.860Z","v":0}
{"name":"1581616400","hostname":"allinerib-pc","pid":45928,"level":20,"actorType":"ACTOR1","actorId":"23546","msg":"DEBUG:   opentest-base-0.0.1.jar: 2020-01-26 18:59 -0600 0.0.1-9016f44150843d1d66d5a93b6786f663d70eb596","time":"2020-02-13T17:53:20.864Z","v":0}
{"name":"1581616400","hostname":"allinerib-pc","pid":45928,"level":20,"actorType":"ACTOR1","actorId":"23546","msg":"DEBUG:   opentest-selenium-0.0.1.jar: 2020-01-26 18:59 -0600 0.0.1-9016f44150843d1d66d5a93b6786f663d70eb596","time":"2020-02-13T17:53:20.868Z","v":0}
{"name":"1581616400","hostname":"allinerib-pc","pid":45928,"level":40,"actorType":"ACTOR1","actorId":"23546","msg":"WARN: Failed to log extension JARs","time":"2020-02-13T17:53:20.871Z","v":0}
{"name":"1581616400","hostname":"allinerib-pc","pid":45928,"level":30,"actorType":"ACTOR1","actorId":"23546","msg":"==================== ACTOR1: web/kiosk ====================","time":"2020-02-13T17:53:20.912Z","v":0}
{"name":"1581616400","hostname":"allinerib-pc","pid":45928,"level":30,"actorType":"ACTOR1","actorId":"23546","msg":"Actor ACTOR1 started executing test web/kiosk...","time":"2020-02-13T17:53:20.916Z","v":0}
{"name":"1581616400","hostname":"allinerib-pc","pid":45928,"level":30,"actorType":"ACTOR1","actorId":"23546","msg":"Executing segment 1 of test web/kiosk...","time":"2020-02-13T17:53:20.941Z","v":0}
{"name":"1581616400","hostname":"allinerib-pc","pid":45928,"level":30,"actorType":"ACTOR1","actorId":"23546","msg":"Evaluating action 1/5 (org.getopentest.selenium.NavigateTo) in segment 1 (openBrowser)...","time":"2020-02-13T17:53:20.946Z","v":0}
{"name":"1581616400","hostname":"allinerib-pc","pid":45928,"level":10,"actorType":"ACTOR1","actorId":"23546","msg":"TRACE: Initializing action org.getopentest.selenium.NavigateTo...","time":"2020-02-13T17:53:20.951Z","v":0}
{"name":"1581616400","hostname":"allinerib-pc","pid":45928,"level":30,"actorType":"ACTOR1","actorId":"23546","msg":"Using local Selenium server","time":"2020-02-13T17:53:20.956Z","v":0}
{"name":"1581616400","hostname":"allinerib-pc","pid":45928,"level":10,"actorType":"ACTOR1","actorId":"23546","msg":"TRACE: Setting system property \"webdriver.chrome.driver\" to \"C:/Selenium/chromedriver.exe\"","time":"2020-02-13T17:53:20.962Z","v":0}
{"name":"1581616400","hostname":"allinerib-pc","pid":45928,"level":30,"actorType":"ACTOR1","actorId":"23546","msg":"Executing action org.getopentest.selenium.NavigateTo with arguments {\"url\":\"http://localhost:8123/npsharp/kiosk/pos0025/\"}...","time":"2020-02-13T17:53:30.638Z","v":0}
{"name":"1581616400","hostname":"allinerib-pc","pid":45928,"level":30,"actorType":"ACTOR1","actorId":"23546","msg":"Evaluating action 2/5 (script action) in segment 1...","time":"2020-02-13T17:53:31.137Z","v":0}
{"name":"1581616400","hostname":"allinerib-pc","pid":45928,"level":10,"actorType":"ACTOR1","actorId":"23546","msg":"TRACE: Initializing action org.getopentest.base.ScriptAction...","time":"2020-02-13T17:53:31.146Z","v":0}
{"name":"1581616400","hostname":"allinerib-pc","pid":45928,"level":30,"actorType":"ACTOR1","actorId":"23546","msg":"Executing action org.getopentest.base.ScriptAction (no arguments were provided)...","time":"2020-02-13T17:53:31.150Z","v":0}
{"name":"1581616400","hostname":"allinerib-pc","pid":45928,"level":30,"actorType":"ACTOR1","actorId":"23546","msg":"Evaluating action 3/5 (org.getopentest.selenium.Click) in segment 1 (click at order start button)...","time":"2020-02-13T17:54:11.157Z","v":0}
{"name":"1581616400","hostname":"allinerib-pc","pid":45928,"level":10,"actorType":"ACTOR1","actorId":"23546","msg":"TRACE: Initializing action org.getopentest.selenium.Click...","time":"2020-02-13T17:54:11.161Z","v":0}
{"name":"1581616400","hostname":"allinerib-pc","pid":45928,"level":30,"actorType":"ACTOR1","actorId":"23546","msg":"Executing action org.getopentest.selenium.Click with arguments {\"locator\":{\"xpath\":\".//div[@class='start-order']\"}}...","time":"2020-02-13T17:54:11.164Z","v":0}
{"name":"1581616400","hostname":"allinerib-pc","pid":45928,"level":30,"actorType":"ACTOR1","actorId":"23546","msg":"Captured screenshot at C:\\devqatraining\\actor1\\out\\screenshots\\SID1581616400_ACTOR1_T01_SG01_ST03_error.png","time":"2020-02-13T17:54:23.246Z","v":0}
{"name":"1581616400","hostname":"allinerib-pc","pid":45928,"level":50,"actorType":"ACTOR1","actorId":"23546","msg":"ERROR: java.lang.Exception: Failed executing test web/kiosk, segment 1\r\n\tat org.getopentest.base.TestActor.executeTestSegment(TestActor.java:2111)\r\n\tat org.getopentest.base.TestActor.runOneSession(TestActor.java:2899)\r\n\tat org.getopentest.base.TestActor.runOneSession(TestActor.java:2935)\r\n\tat org.getopentest.Main.main(Main.java:20)\r\nCaused by: java.lang.RuntimeException: There was an error while executing action no. 3 (org.getopentest.selenium.Click) in segment 1 of test web/kiosk.\nThe action definition was:\n{\n  \"action\": \"org.getopentest.selenium.Click\",\n  \"args\": {\n    \"locator\": {\n      \"xpath\": \".//div[@class='start-order']\"\n    }\n  },\n  \"description\": \"click at order start button\"\n}\r\n\tat org.getopentest.base.TestActor.executeTestSegment(TestActor.java:2069)\r\n\t... 3 more\r\nCaused by: java.lang.RuntimeException: Failed executing action org.getopentest.selenium.Click with arguments {\"locator\":{\"xpath\":\".//div[@class='start-order']\"}}\r\n\tat org.getopentest.base.TestActor.executeActionByDef(TestActor.java:1766)\r\n\tat org.getopentest.base.TestActor.executeTestSegment(TestActor.java:2019)\r\n\t... 3 more\r\nCaused by: java.lang.RuntimeException: Failed to instantiate action class \"org.getopentest.selenium.Click\"\r\n\tat org.getopentest.base.TestActor.executeActionByClassName(TestActor.java:1569)\r\n\tat org.getopentest.base.TestActor.executeActionByDef(TestActor.java:1650)\r\n\t... 4 more\r\nCaused by: java.lang.RuntimeException: Failed clicking on element By.xpath: .//div[@class='start-order']\r\n\tat org.getopentest.selenium.Click.run(Click.java:34)\r\n\tat org.getopentest.base.TestActor.executeAction(TestActor.java:1474)\r\n\tat org.getopentest.base.TestActor.executeActionByClassName(TestActor.java:1550)\r\n\t... 5 more\r\nCaused by: org.openqa.selenium.TimeoutException: Expected condition failed: waiting for element to be clicked: [[ChromeDriver: chrome on WINDOWS (7de4cd3d1e46d41d57461a320b4471be)] -> xpath: .//div[@class='start-order']] (tried for 10 second(s) with 500 milliseconds interval)\nBuild info: version: '3.141.59', revision: 'e82be7d358', time: '2018-11-14T08:17:03'\nSystem info: host: 'ALLINERIB-PC', ip: '10.10.15.149', os.name: 'Windows 10', os.arch: 'x86', os.version: '10.0', java.version: '1.8.0_241'\nDriver info: org.openqa.selenium.chrome.ChromeDriver\nCapabilities {acceptInsecureCerts: false, browserName: chrome, browserVersion: 79.0.3945.130, chrome: {chromedriverVersion: 79.0.3945.36 (3582db32b3389..., userDataDir: C:\\Users\\ALLINE~1.RIB\\AppDa...}, goog:chromeOptions: {debuggerAddress: localhost:59704}, javascriptEnabled: true, networkConnectionEnabled: false, pageLoadStrategy: normal, platform: WINDOWS, platformName: WINDOWS, proxy: Proxy(), setWindowRect: true, strictFileInteractability: false, timeouts: {implicit: 0, pageLoad: 300000, script: 30000}, unhandledPromptBehavior: dismiss and notify}\nSession ID: 7de4cd3d1e46d41d57461a320b4471be\r\n\tat org.openqa.selenium.support.ui.WebDriverWait.timeoutException(WebDriverWait.java:95)\r\n\tat org.openqa.selenium.support.ui.FluentWait.until(FluentWait.java:272)\r\n\tat org.getopentest.selenium.Click.run(Click.java:32)\r\n\t... 7 more\r\n","time":"2020-02-13T17:54:23.261Z","v":0}
{"name":"1581616400","hostname":"allinerib-pc","pid":45928,"level":30,"actorType":"ACTOR1","actorId":"23546","msg":"Test session has completed","time":"2020-02-13T17:54:23.768Z","v":0}
{"name":"1581616400","hostname":"allinerib-pc","pid":45928,"level":10,"actorType":"ACTOR1","actorId":"23546","msg":"TRACE: Firing TEST_COMPLETED event...","time":"2020-02-13T17:54:23.772Z","v":0}
{"name":"1581616400","hostname":"allinerib-pc","pid":45928,"level":10,"actorType":"ACTOR1","actorId":"23546","msg":"TRACE: Firing SESSION_COMPLETED event...","time":"2020-02-13T17:54:24.433Z","v":0}
{"name":"1581616400","hostname":"allinerib-pc","pid":45928,"level":30,"actorType":"ACTOR1","actorId":"23546","msg":"Actor 23546 of type ACTOR1 with no tags is waiting to be acquired by a test session...","time":"2020-02-13T17:54:24.437Z","v":0}
